Symlinking /home/derek/ARP/ros_ws/devel/lib/pkgconfig/rosserial_msgs.pc
Symlinking /home/derek/ARP/ros_ws/devel/lib/python3/dist-packages/rosserial_msgs/__init__.py
Symlinking /home/derek/ARP/ros_ws/devel/lib/python3/dist-packages/rosserial_msgs/msg/_Log.py
Symlinking /home/derek/ARP/ros_ws/devel/lib/python3/dist-packages/rosserial_msgs/msg/__init__.py
Symlinking /home/derek/ARP/ros_ws/devel/lib/python3/dist-packages/rosserial_msgs/msg/_TopicInfo.py
Symlinking /home/derek/ARP/ros_ws/devel/lib/python3/dist-packages/rosserial_msgs/srv/_RequestParam.py
Symlinking /home/derek/ARP/ros_ws/devel/lib/python3/dist-packages/rosserial_msgs/srv/__init__.py
Symlinking /home/derek/ARP/ros_ws/devel/include/rosserial_msgs/RequestParamRequest.h
Symlinking /home/derek/ARP/ros_ws/devel/include/rosserial_msgs/Log.h
Symlinking /home/derek/ARP/ros_ws/devel/include/rosserial_msgs/TopicInfo.h
Symlinking /home/derek/ARP/ros_ws/devel/include/rosserial_msgs/RequestParam.h
Symlinking /home/derek/ARP/ros_ws/devel/include/rosserial_msgs/RequestParamResponse.h
Symlinking /home/derek/ARP/ros_ws/devel/share/rosserial_msgs/cmake/rosserial_msgs-msg-extras.cmake
Symlinking /home/derek/ARP/ros_ws/devel/share/rosserial_msgs/cmake/rosserial_msgsConfig.cmake
Symlinking /home/derek/ARP/ros_ws/devel/share/rosserial_msgs/cmake/rosserial_msgs-msg-paths.cmake
Symlinking /home/derek/ARP/ros_ws/devel/share/rosserial_msgs/cmake/rosserial_msgsConfig-version.cmake
Symlinking /home/derek/ARP/ros_ws/devel/share/common-lisp/ros/rosserial_msgs/msg/_package_TopicInfo.lisp
Symlinking /home/derek/ARP/ros_ws/devel/share/common-lisp/ros/rosserial_msgs/msg/TopicInfo.lisp
Symlinking /home/derek/ARP/ros_ws/devel/share/common-lisp/ros/rosserial_msgs/msg/rosserial_msgs-msg.asd
Symlinking /home/derek/ARP/ros_ws/devel/share/common-lisp/ros/rosserial_msgs/msg/_package.lisp
Symlinking /home/derek/ARP/ros_ws/devel/share/common-lisp/ros/rosserial_msgs/msg/Log.lisp
Symlinking /home/derek/ARP/ros_ws/devel/share/common-lisp/ros/rosserial_msgs/msg/_package_Log.lisp
Symlinking /home/derek/ARP/ros_ws/devel/share/common-lisp/ros/rosserial_msgs/srv/RequestParam.lisp
Symlinking /home/derek/ARP/ros_ws/devel/share/common-lisp/ros/rosserial_msgs/srv/_package_RequestParam.lisp
Symlinking /home/derek/ARP/ros_ws/devel/share/common-lisp/ros/rosserial_msgs/srv/rosserial_msgs-srv.asd
Symlinking /home/derek/ARP/ros_ws/devel/share/common-lisp/ros/rosserial_msgs/srv/_package.lisp
Symlinking /home/derek/ARP/ros_ws/devel/share/roseus/ros/rosserial_msgs/manifest.l
Symlinking /home/derek/ARP/ros_ws/devel/share/roseus/ros/rosserial_msgs/msg/TopicInfo.l
Symlinking /home/derek/ARP/ros_ws/devel/share/roseus/ros/rosserial_msgs/msg/Log.l
Symlinking /home/derek/ARP/ros_ws/devel/share/roseus/ros/rosserial_msgs/srv/RequestParam.l
Symlinking /home/derek/ARP/ros_ws/devel/share/gennodejs/ros/rosserial_msgs/_index.js
Symlinking /home/derek/ARP/ros_ws/devel/share/gennodejs/ros/rosserial_msgs/msg/_index.js
Symlinking /home/derek/ARP/ros_ws/devel/share/gennodejs/ros/rosserial_msgs/msg/Log.js
Symlinking /home/derek/ARP/ros_ws/devel/share/gennodejs/ros/rosserial_msgs/msg/TopicInfo.js
Symlinking /home/derek/ARP/ros_ws/devel/share/gennodejs/ros/rosserial_msgs/srv/RequestParam.js
Symlinking /home/derek/ARP/ros_ws/devel/share/gennodejs/ros/rosserial_msgs/srv/_index.js
